<?xml version="1.0" encoding="UTF-8"?>
<testsuites name="reset pass" time="35.466" tests="2" failures="0" errors="0">
   <testsuite name="reset pass" tests="2" failures="0" errors="0" time="35.466" skipped="0" timestamp="10-06-2024T09:47:34" hostname="0725 - DESKTOP-09GUU8E" id="Test Suites/reset pass">
      <properties>
         <property name="deviceName" value=""/>
         <property name="devicePlatform"/>
         <property name="logFolder" value="C:\\Users\\0725\\Katalon Studio\\Testdevqa\\Reports\\20240610_094722\\reset pass\\20240610_094722"/>
         <property name="logFiles" value="C:\\Users\\0725\\Katalon Studio\\Testdevqa\\Reports\\20240610_094722\\reset pass\\20240610_094722\\execution0.log"/>
         <property name="attachments" value="keyes\keyes-login berhasil.png, keyes\keyes-menampilkan pencarian yang dicari.png, keyes\keyes-menampilkan user yang akan di reset pass.png, keyes\keyes-menampilkan box message.png"/>
         <property name="hostName" value="0725 - DESKTOP-09GUU8E"/>
         <property name="os" value="Windows 10 64bit"/>
         <property name="katalonVersion" value="9.5.0.217"/>
         <property name="browser" value="Chrome 125.0.0.0"/>
         <property name="hostAddress" value="192.168.10.122"/>
         <property name="sessionId" value="fd16634b4f428b9e447bb7bafc641406"/>
         <property name="seleniumVersion" value="3.141.59"/>
         <property name="proxyInformation" value="ProxyInformation { proxyOption=NO_PROXY, proxyServerType=HTTP, username=, password=********, proxyServerAddress=, proxyServerPort=0, executionList=&quot;&quot;, isApplyToDesiredCapabilities=true }"/>
         <property name="platform" value="Windows 10"/>
      </properties>
      <testcase name="Test Cases/Login" time="22.261" classname="Test Cases/Login" status="PASSED">
         <system-out><![CDATA[10-06-2024T09:47:34 - [TEST_CASE][PASSED] - Test Cases/Login: Test Cases/Login

10-06-2024T09:47:35 - [TEST_STEP][PASSED] - openBrowser("https://gpstqa-new.dipostar.org/dipo/"): Browser is opened with url: 'https://gpstqa-new.dipostar.org/dipo/'

10-06-2024T09:47:36 - [MESSAGE][INFO] - Starting 'Chrome' driver

10-06-2024T09:47:36 - [MESSAGE][INFO] - Action delay is set to 0 milliseconds

10-06-2024T09:47:49 - [MESSAGE][PASSED] - Browser is opened with url: 'https://gpstqa-new.dipostar.org/dipo/'

10-06-2024T09:47:49 - [TEST_STEP][PASSED] - maximizeWindow(): Current window maximized

10-06-2024T09:47:49 - [MESSAGE][PASSED] - Current window maximized

10-06-2024T09:47:49 - [TEST_STEP][PASSED] - setText(findTestObject("Page_Home/input__username"), "aldo"): Text 'aldo' is set on object 'Object Repository/Page_Home/input__username'

10-06-2024T09:47:50 - [MESSAGE][PASSED] - Text 'aldo' is set on object 'Object Repository/Page_Home/input__username'

10-06-2024T09:47:50 - [TEST_STEP][PASSED] - setEncryptedText(findTestObject("Page_Home/input__password"), "TRrAuhBZTmGN3YbeoZ5Gng=="): Text ****** has been set on object 'Object Repository/Page_Home/input__password'

10-06-2024T09:47:51 - [MESSAGE][PASSED] - Text ****** has been set on object 'Object Repository/Page_Home/input__password'

10-06-2024T09:47:51 - [TEST_STEP][PASSED] - click(findTestObject("Page_Home/btn_Login")): Object: 'Object Repository/Page_Home/btn_Login' is clicked on

10-06-2024T09:47:51 - [MESSAGE][PASSED] - Object: 'Object Repository/Page_Home/btn_Login' is clicked on

10-06-2024T09:47:51 - [TEST_STEP][PASSED] - takeScreenshotAsCheckpoint("login berhasil", STOP_ON_FAILURE): Taking screenshot successfully

10-06-2024T09:47:56 - [MESSAGE][INFO] - 0 hidden object(s)

10-06-2024T09:47:57 - [MESSAGE][PASSED] - Taking screenshot successfully
[[ATTACHMENT|keyes\keyes-login berhasil.png]]]]></system-out>
         <system-err><![CDATA[]]></system-err>
      </testcase>
      <testcase name="Test Cases/Reset pass" time="12.86" classname="Test Cases/Reset pass" status="PASSED">
         <system-out><![CDATA[10-06-2024T09:47:57 - [TEST_CASE][PASSED] - Test Cases/Reset pass: Test Cases/Reset pass

10-06-2024T09:47:57 - [TEST_STEP][PASSED] - click(findTestObject("Reset password/reset password")): Object: 'Object Repository/Reset password/reset password' is clicked on

10-06-2024T09:47:57 - [MESSAGE][PASSED] - Object: 'Object Repository/Reset password/reset password' is clicked on

10-06-2024T09:47:57 - [TEST_STEP][PASSED] - setText(findTestObject("Reset password/search"), "kevin qa"): Text 'kevin qa' is set on object 'Object Repository/Reset password/search'

10-06-2024T09:48:01 - [MESSAGE][PASSED] - Text 'kevin qa' is set on object 'Object Repository/Reset password/search'

10-06-2024T09:48:01 - [TEST_STEP][PASSED] - click(findTestObject("Reset password/btn search")): Object: 'Object Repository/Reset password/btn search' is clicked on

10-06-2024T09:48:01 - [MESSAGE][PASSED] - Object: 'Object Repository/Reset password/btn search' is clicked on

10-06-2024T09:48:01 - [TEST_STEP][PASSED] - takeScreenshotAsCheckpoint("menampilkan pencarian yang dicari"): Taking screenshot successfully

10-06-2024T09:48:03 - [MESSAGE][INFO] - 0 hidden object(s)

10-06-2024T09:48:04 - [MESSAGE][PASSED] - Taking screenshot successfully
[[ATTACHMENT|keyes\keyes-menampilkan pencarian yang dicari.png]]

10-06-2024T09:48:04 - [TEST_STEP][PASSED] - click(findTestObject("Reset password/btn image ress")): Object: 'Object Repository/Reset password/btn image ress' is clicked on

10-06-2024T09:48:04 - [MESSAGE][PASSED] - Object: 'Object Repository/Reset password/btn image ress' is clicked on

10-06-2024T09:48:04 - [TEST_STEP][PASSED] - takeScreenshotAsCheckpoint("menampilkan user yang akan di reset pass"): Taking screenshot successfully

10-06-2024T09:48:07 - [MESSAGE][INFO] - 0 hidden object(s)

10-06-2024T09:48:07 - [MESSAGE][PASSED] - Taking screenshot successfully
[[ATTACHMENT|keyes\keyes-menampilkan user yang akan di reset pass.png]]

10-06-2024T09:48:07 - [TEST_STEP][PASSED] - click(findTestObject("Reset password/btn reset pass")): Object: 'Object Repository/Reset password/btn reset pass' is clicked on

10-06-2024T09:48:08 - [MESSAGE][PASSED] - Object: 'Object Repository/Reset password/btn reset pass' is clicked on

10-06-2024T09:48:08 - [TEST_STEP][PASSED] - takeScreenshotAsCheckpoint("menampilkan box message"): Taking screenshot successfully

10-06-2024T09:48:09 - [MESSAGE][INFO] - 0 hidden object(s)

10-06-2024T09:48:10 - [MESSAGE][PASSED] - Taking screenshot successfully
[[ATTACHMENT|keyes\keyes-menampilkan box message.png]]]]></system-out>
         <system-err><![CDATA[]]></system-err>
      </testcase>
      <system-out><![CDATA[10-06-2024T09:47:34 - [TEST_SUITE][PASSED] - reset pass: Test Cases/Reset pass]]></system-out>
      <system-err><![CDATA[]]></system-err>
   </testsuite>
</testsuites>
