<?xml version="1.0" encoding="UTF-8"?>
<testsuites name="Agent wiki3" time="13.291" tests="1" failures="0" errors="0">
   <testsuite name="Agent wiki3" tests="1" failures="0" errors="0" time="13.291" skipped="0" timestamp="26-06-2024T14:27:29" hostname="0725 - DESKTOP-09GUU8E" id="Test Suites/Agent wiki3">
      <properties>
         <property name="deviceName" value=""/>
         <property name="devicePlatform"/>
         <property name="logFolder" value="C:\\Users\\0725\\git\\Tesqa\\Reports\\20240626_142724\\Agent wiki3\\20240626_142725"/>
         <property name="logFiles" value="C:\\Users\\0725\\git\\Tesqa\\Reports\\20240626_142724\\Agent wiki3\\20240626_142725\\execution0.log"/>
         <property name="attachments" value=""/>
         <property name="hostName" value="0725 - DESKTOP-09GUU8E"/>
         <property name="os" value="Windows 10 64bit"/>
         <property name="katalonVersion" value="9.5.0.217"/>
         <property name="browser" value="Chrome 126.0.0.0"/>
         <property name="hostAddress" value="192.168.4.205"/>
         <property name="sessionId" value="306d71ac06e117d682826cbc5554b088"/>
         <property name="seleniumVersion" value="3.141.59"/>
         <property name="proxyInformation" value="ProxyInformation { proxyOption=NO_PROXY, proxyServerType=HTTP, username=, password=********, proxyServerAddress=, proxyServerPort=0, executionList=&quot;&quot;, isApplyToDesiredCapabilities=true }"/>
         <property name="platform" value="Windows 10"/>
      </properties>
      <testcase name="Test Cases/Agent/Agent wiki3" time="13.123" classname="Test Cases/Agent/Agent wiki3" status="PASSED">
         <system-out><![CDATA[26-06-2024T14:27:29 - [TEST_CASE][PASSED] - Test Cases/Agent/Agent wiki3: Test Cases/Agent/Agent wiki3

26-06-2024T14:27:29 - [TEST_STEP][PASSED] - openBrowser("https://www.wikipedia.org/"): Browser is opened with url: 'https://www.wikipedia.org/'

26-06-2024T14:27:30 - [MESSAGE][INFO] - Starting 'Chrome' driver

26-06-2024T14:27:30 - [MESSAGE][INFO] - Action delay is set to 0 milliseconds

26-06-2024T14:27:34 - [MESSAGE][PASSED] - Browser is opened with url: 'https://www.wikipedia.org/'

26-06-2024T14:27:34 - [TEST_STEP][PASSED] - maximizeWindow(): Current window maximized

26-06-2024T14:27:34 - [MESSAGE][PASSED] - Current window maximized

26-06-2024T14:27:34 - [TEST_STEP][PASSED] - delay(2): Delayed 2 second(s)

26-06-2024T14:27:37 - [MESSAGE][PASSED] - Delayed 2 second(s)

26-06-2024T14:27:37 - [TEST_STEP][PASSED] - click(findTestObject("Agent wiki/Spain")): Object: 'Object Repository/Agent wiki/Spain' is clicked on

26-06-2024T14:27:40 - [MESSAGE][PASSED] - Object: 'Object Repository/Agent wiki/Spain' is clicked on

26-06-2024T14:27:40 - [TEST_STEP][PASSED] - delay(2): Delayed 2 second(s)

26-06-2024T14:27:42 - [MESSAGE][PASSED] - Delayed 2 second(s)

26-06-2024T14:27:42 - [TEST_STEP][PASSED] - closeBrowser(): Browser is closed

26-06-2024T14:27:42 - [MESSAGE][PASSED] - Browser is closed]]></system-out>
         <system-err><![CDATA[]]></system-err>
      </testcase>
      <system-out><![CDATA[26-06-2024T14:27:29 - [TEST_SUITE][PASSED] - Agent wiki3: Test Cases/Agent/Agent wiki3]]></system-out>
      <system-err><![CDATA[]]></system-err>
   </testsuite>
</testsuites>
