<?xml version="1.0" encoding="UTF-8"?>
<testsuites name="change pass" time="62.462" tests="2" failures="0" errors="0">
   <testsuite name="change pass" tests="2" failures="0" errors="0" time="62.462" skipped="0" timestamp="18-06-2024T10:23:07" hostname="0725 - DESKTOP-09GUU8E" id="Test Suites/change pass">
      <properties>
         <property name="deviceName" value=""/>
         <property name="devicePlatform"/>
         <property name="logFolder" value="C:\\Users\\0725\\Katalon Studio\\Testdevqa\\Reports\\20240618_102246\\change pass\\20240618_102246"/>
         <property name="logFiles" value="C:\\Users\\0725\\Katalon Studio\\Testdevqa\\Reports\\20240618_102246\\change pass\\20240618_102246\\execution0.log"/>
         <property name="attachments" value="keyes\keyes-login berhasil.png, keyes\keyes-menampilkan pergantian pass.png, keyes\keyes-kembali ke halaman change pass.png"/>
         <property name="hostName" value="0725 - DESKTOP-09GUU8E"/>
         <property name="os" value="Windows 10 64bit"/>
         <property name="katalonVersion" value="9.5.0.217"/>
         <property name="browser" value="Chrome 125.0.0.0"/>
         <property name="hostAddress" value="192.168.10.33"/>
         <property name="sessionId" value="5eb19df6a8020aa1fe6793847271a71b"/>
         <property name="seleniumVersion" value="3.141.59"/>
         <property name="proxyInformation" value="ProxyInformation { proxyOption=NO_PROXY, proxyServerType=HTTP, username=, password=********, proxyServerAddress=, proxyServerPort=0, executionList=&quot;&quot;, isApplyToDesiredCapabilities=true }"/>
         <property name="platform" value="Windows 10"/>
      </properties>
      <testcase name="Test Cases/Login/Login" time="49.3" classname="Test Cases/Login/Login" status="PASSED">
         <system-out><![CDATA[18-06-2024T10:23:09 - [TEST_CASE][PASSED] - Test Cases/Login/Login: Test Cases/Login/Login

18-06-2024T10:23:10 - [TEST_STEP][PASSED] - openBrowser("https://gpstqa-new.dipostar.org/dipo/"): Browser is opened with url: 'https://gpstqa-new.dipostar.org/dipo/'

18-06-2024T10:23:10 - [MESSAGE][INFO] - Starting 'Chrome' driver

18-06-2024T10:23:10 - [MESSAGE][INFO] - Action delay is set to 0 milliseconds

18-06-2024T10:23:30 - [MESSAGE][PASSED] - Browser is opened with url: 'https://gpstqa-new.dipostar.org/dipo/'

18-06-2024T10:23:30 - [TEST_STEP][PASSED] - maximizeWindow(): Current window maximized

18-06-2024T10:23:31 - [MESSAGE][PASSED] - Current window maximized

18-06-2024T10:23:31 - [TEST_STEP][PASSED] - setText(findTestObject("Home page/input__username"), "aldo"): Text 'aldo' is set on object 'Object Repository/Home page/input__username'

18-06-2024T10:23:33 - [MESSAGE][PASSED] - Text 'aldo' is set on object 'Object Repository/Home page/input__username'

18-06-2024T10:23:33 - [TEST_STEP][PASSED] - setEncryptedText(findTestObject("Home page/input__password"), "TRrAuhBZTmGN3YbeoZ5Gng=="): Text ****** has been set on object 'Object Repository/Home page/input__password'

18-06-2024T10:23:34 - [MESSAGE][PASSED] - Text ****** has been set on object 'Object Repository/Home page/input__password'

18-06-2024T10:23:34 - [TEST_STEP][PASSED] - click(findTestObject("Home page/btn_Login")): Object: 'Object Repository/Home page/btn_Login' is clicked on

18-06-2024T10:23:35 - [MESSAGE][PASSED] - Object: 'Object Repository/Home page/btn_Login' is clicked on

18-06-2024T10:23:35 - [TEST_STEP][PASSED] - takeScreenshotAsCheckpoint("login berhasil", STOP_ON_FAILURE): Taking screenshot successfully

18-06-2024T10:23:58 - [MESSAGE][INFO] - 0 hidden object(s)

18-06-2024T10:23:58 - [MESSAGE][PASSED] - Taking screenshot successfully
[[ATTACHMENT|keyes\keyes-login berhasil.png]]]]></system-out>
         <system-err><![CDATA[]]></system-err>
      </testcase>
      <testcase name="Test Cases/User profile/Change pass" time="11.375" classname="Test Cases/User profile/Change pass" status="PASSED">
         <system-out><![CDATA[18-06-2024T10:23:58 - [TEST_CASE][PASSED] - Test Cases/User profile/Change pass: Test Cases/User profile/Change pass

18-06-2024T10:23:58 - [TEST_STEP][PASSED] - click(findTestObject("Change pass/change password")): Object: 'Object Repository/Change pass/change password' is clicked on

18-06-2024T10:23:59 - [MESSAGE][PASSED] - Object: 'Object Repository/Change pass/change password' is clicked on

18-06-2024T10:23:59 - [TEST_STEP][PASSED] - takeScreenshotAsCheckpoint("menampilkan pergantian pass"): Taking screenshot successfully

18-06-2024T10:24:05 - [MESSAGE][INFO] - 0 hidden object(s)

18-06-2024T10:24:05 - [MESSAGE][PASSED] - Taking screenshot successfully
[[ATTACHMENT|keyes\keyes-menampilkan pergantian pass.png]]

18-06-2024T10:24:05 - [TEST_STEP][PASSED] - setText(findTestObject("Change pass/old pass"), "indocyber"): Text 'indocyber' is set on object 'Object Repository/Change pass/old pass'

18-06-2024T10:24:06 - [MESSAGE][PASSED] - Text 'indocyber' is set on object 'Object Repository/Change pass/old pass'

18-06-2024T10:24:06 - [TEST_STEP][PASSED] - setText(findTestObject("Change pass/New pass"), "Indocyber"): Text 'Indocyber' is set on object 'Object Repository/Change pass/New pass'

18-06-2024T10:24:06 - [MESSAGE][PASSED] - Text 'Indocyber' is set on object 'Object Repository/Change pass/New pass'

18-06-2024T10:24:06 - [TEST_STEP][PASSED] - setText(findTestObject("Change pass/Confirm new pass"), "Indocyber"): Text 'Indocyber' is set on object 'Object Repository/Change pass/Confirm new pass'

18-06-2024T10:24:07 - [MESSAGE][PASSED] - Text 'Indocyber' is set on object 'Object Repository/Change pass/Confirm new pass'

18-06-2024T10:24:07 - [TEST_STEP][PASSED] - click(findTestObject("Change pass/btn closed")): Object: 'Object Repository/Change pass/btn closed' is clicked on

18-06-2024T10:24:07 - [MESSAGE][PASSED] - Object: 'Object Repository/Change pass/btn closed' is clicked on

18-06-2024T10:24:07 - [TEST_STEP][PASSED] - takeScreenshotAsCheckpoint("kembali ke halaman change pass"): Taking screenshot successfully

18-06-2024T10:24:10 - [MESSAGE][INFO] - 0 hidden object(s)

18-06-2024T10:24:10 - [MESSAGE][PASSED] - Taking screenshot successfully
[[ATTACHMENT|keyes\keyes-kembali ke halaman change pass.png]]]]></system-out>
         <system-err><![CDATA[]]></system-err>
      </testcase>
      <system-out><![CDATA[18-06-2024T10:23:07 - [TEST_SUITE][PASSED] - change pass: Test Cases/User profile/Change pass]]></system-out>
      <system-err><![CDATA[]]></system-err>
   </testsuite>
</testsuites>
