<?xml version="1.0" encoding="UTF-8"?>
<testsuites name="Report" time="24.427" tests="2" failures="0" errors="0">
   <testsuite name="Report" tests="2" failures="0" errors="0" time="24.427" skipped="0" timestamp="12-06-2024T10:07:20" hostname="0725 - DESKTOP-09GUU8E" id="Test Suites/Report">
      <properties>
         <property name="deviceName" value=""/>
         <property name="devicePlatform"/>
         <property name="logFolder" value="C:\\Users\\0725\\Katalon Studio\\Testdevqa\\Reports\\20240612_100708\\Report\\20240612_100709"/>
         <property name="logFiles" value="C:\\Users\\0725\\Katalon Studio\\Testdevqa\\Reports\\20240612_100708\\Report\\20240612_100709\\execution0.log"/>
         <property name="attachments" value="keyes\keyes-login berhasil.png, keyes\keyes-Menampilkan hal action assign.png"/>
         <property name="hostName" value="0725 - DESKTOP-09GUU8E"/>
         <property name="os" value="Windows 10 64bit"/>
         <property name="katalonVersion" value="9.5.0.217"/>
         <property name="browser" value="Chrome 125.0.0.0"/>
         <property name="hostAddress" value="192.168.10.28"/>
         <property name="sessionId" value="ec2e2f6dd4776ace88666aa5ef8837d0"/>
         <property name="seleniumVersion" value="3.141.59"/>
         <property name="proxyInformation" value="ProxyInformation { proxyOption=NO_PROXY, proxyServerType=HTTP, username=, password=********, proxyServerAddress=, proxyServerPort=0, executionList=&quot;&quot;, isApplyToDesiredCapabilities=true }"/>
         <property name="platform" value="Windows 10"/>
      </properties>
      <testcase name="Test Cases/Login/Login" time="18.885" classname="Test Cases/Login/Login" status="PASSED">
         <system-out><![CDATA[12-06-2024T10:07:20 - [TEST_CASE][PASSED] - Test Cases/Login/Login: Test Cases/Login/Login

12-06-2024T10:07:21 - [TEST_STEP][PASSED] - openBrowser("https://gpstqa-new.dipostar.org/dipo/"): Browser is opened with url: 'https://gpstqa-new.dipostar.org/dipo/'

12-06-2024T10:07:21 - [MESSAGE][INFO] - Starting 'Chrome' driver

12-06-2024T10:07:21 - [MESSAGE][INFO] - Action delay is set to 0 milliseconds

12-06-2024T10:07:30 - [MESSAGE][PASSED] - Browser is opened with url: 'https://gpstqa-new.dipostar.org/dipo/'

12-06-2024T10:07:30 - [TEST_STEP][PASSED] - maximizeWindow(): Current window maximized

12-06-2024T10:07:31 - [MESSAGE][PASSED] - Current window maximized

12-06-2024T10:07:31 - [TEST_STEP][PASSED] - setText(findTestObject("Home page/input__username"), "aldo"): Text 'aldo' is set on object 'Object Repository/Home page/input__username'

12-06-2024T10:07:31 - [MESSAGE][PASSED] - Text 'aldo' is set on object 'Object Repository/Home page/input__username'

12-06-2024T10:07:31 - [TEST_STEP][PASSED] - setEncryptedText(findTestObject("Home page/input__password"), "TRrAuhBZTmGN3YbeoZ5Gng=="): Text ****** has been set on object 'Object Repository/Home page/input__password'

12-06-2024T10:07:32 - [MESSAGE][PASSED] - Text ****** has been set on object 'Object Repository/Home page/input__password'

12-06-2024T10:07:32 - [TEST_STEP][PASSED] - click(findTestObject("Home page/btn_Login")): Object: 'Object Repository/Home page/btn_Login' is clicked on

12-06-2024T10:07:32 - [MESSAGE][PASSED] - Object: 'Object Repository/Home page/btn_Login' is clicked on

12-06-2024T10:07:32 - [TEST_STEP][PASSED] - takeScreenshotAsCheckpoint("login berhasil", STOP_ON_FAILURE): Taking screenshot successfully

12-06-2024T10:07:39 - [MESSAGE][INFO] - 0 hidden object(s)

12-06-2024T10:07:39 - [MESSAGE][PASSED] - Taking screenshot successfully
[[ATTACHMENT|keyes\keyes-login berhasil.png]]]]></system-out>
         <system-err><![CDATA[]]></system-err>
      </testcase>
      <testcase name="Test Cases/Hob/Hob action assign" time="4.939" classname="Test Cases/Hob/Hob action assign" status="PASSED">
         <system-out><![CDATA[12-06-2024T10:07:39 - [TEST_CASE][PASSED] - Test Cases/Hob/Hob action assign: Test Cases/Hob/Hob action assign

12-06-2024T10:07:39 - [TEST_STEP][PASSED] - click(findTestObject("HOB Action/Btn Hob action")): Object: 'Object Repository/HOB Action/Btn Hob action' is clicked on

12-06-2024T10:07:40 - [MESSAGE][PASSED] - Object: 'Object Repository/HOB Action/Btn Hob action' is clicked on

12-06-2024T10:07:40 - [TEST_STEP][PASSED] - click(findTestObject("HOB Action/Btn HOB action Assign")): Object: 'Object Repository/HOB Action/Btn HOB action Assign' is clicked on

12-06-2024T10:07:40 - [MESSAGE][PASSED] - Object: 'Object Repository/HOB Action/Btn HOB action Assign' is clicked on

12-06-2024T10:07:40 - [TEST_STEP][PASSED] - takeScreenshotAsCheckpoint("Menampilkan hal action assign"): Taking screenshot successfully

12-06-2024T10:07:44 - [MESSAGE][INFO] - 0 hidden object(s)

12-06-2024T10:07:44 - [MESSAGE][PASSED] - Taking screenshot successfully
[[ATTACHMENT|keyes\keyes-Menampilkan hal action assign.png]]]]></system-out>
         <system-err><![CDATA[]]></system-err>
      </testcase>
      <system-out><![CDATA[12-06-2024T10:07:20 - [TEST_SUITE][PASSED] - Report: Test Cases/Hob/Hob action assign]]></system-out>
      <system-err><![CDATA[]]></system-err>
   </testsuite>
</testsuites>
