<?xml version="1.0" encoding="UTF-8"?>
<testsuites name="Test" time="38.902" tests="2" failures="0" errors="0">
   <testsuite name="Test" tests="2" failures="0" errors="0" time="38.902" skipped="0" timestamp="18-06-2024T15:04:06" hostname="0725 - DESKTOP-09GUU8E" id="Test Suites/Test">
      <properties>
         <property name="deviceName" value=""/>
         <property name="devicePlatform"/>
         <property name="logFolder" value="C:\\Users\\0725\\Katalon Studio\\Testdevqa\\Reports\\20240618_150359\\Test\\20240618_150359"/>
         <property name="logFiles" value="C:\\Users\\0725\\Katalon Studio\\Testdevqa\\Reports\\20240618_150359\\Test\\20240618_150359\\execution0.log"/>
         <property name="attachments" value="keyes\keyes-login berhasil.png, keyes\keyes-Menampilkan halaman position.png, keyes\keyes-Menampilkan pencarian.png"/>
         <property name="hostName" value="0725 - DESKTOP-09GUU8E"/>
         <property name="os" value="Windows 10 64bit"/>
         <property name="katalonVersion" value="9.5.0.217"/>
         <property name="browser" value="Chrome 125.0.0.0"/>
         <property name="hostAddress" value="192.168.10.33"/>
         <property name="sessionId" value="7738ea9c78a3d4106aece5849c44fec5"/>
         <property name="seleniumVersion" value="3.141.59"/>
         <property name="proxyInformation" value="ProxyInformation { proxyOption=NO_PROXY, proxyServerType=HTTP, username=, password=********, proxyServerAddress=, proxyServerPort=0, executionList=&quot;&quot;, isApplyToDesiredCapabilities=true }"/>
         <property name="platform" value="Windows 10"/>
      </properties>
      <testcase name="Test Cases/Login/Login" time="29.104" classname="Test Cases/Login/Login" status="PASSED">
         <system-out><![CDATA[18-06-2024T15:04:06 - [TEST_CASE][PASSED] - Test Cases/Login/Login: Test Cases/Login/Login

18-06-2024T15:04:07 - [TEST_STEP][PASSED] - openBrowser("https://gpstqa-new.dipostar.org/dipo/"): Browser is opened with url: 'https://gpstqa-new.dipostar.org/dipo/'

18-06-2024T15:04:07 - [MESSAGE][INFO] - Starting 'Chrome' driver

18-06-2024T15:04:07 - [MESSAGE][INFO] - Action delay is set to 0 milliseconds

18-06-2024T15:04:14 - [MESSAGE][PASSED] - Browser is opened with url: 'https://gpstqa-new.dipostar.org/dipo/'

18-06-2024T15:04:14 - [TEST_STEP][PASSED] - maximizeWindow(): Current window maximized

18-06-2024T15:04:15 - [MESSAGE][PASSED] - Current window maximized

18-06-2024T15:04:15 - [TEST_STEP][PASSED] - setText(findTestObject("Home page/input__username"), "aldo"): Text 'aldo' is set on object 'Object Repository/Home page/input__username'

18-06-2024T15:04:15 - [MESSAGE][PASSED] - Text 'aldo' is set on object 'Object Repository/Home page/input__username'

18-06-2024T15:04:15 - [TEST_STEP][PASSED] - setEncryptedText(findTestObject("Home page/input__password"), "TRrAuhBZTmGN3YbeoZ5Gng=="): Text ****** has been set on object 'Object Repository/Home page/input__password'

18-06-2024T15:04:16 - [MESSAGE][PASSED] - Text ****** has been set on object 'Object Repository/Home page/input__password'

18-06-2024T15:04:16 - [TEST_STEP][PASSED] - click(findTestObject("Home page/btn_Login")): Object: 'Object Repository/Home page/btn_Login' is clicked on

18-06-2024T15:04:16 - [MESSAGE][PASSED] - Object: 'Object Repository/Home page/btn_Login' is clicked on

18-06-2024T15:04:16 - [TEST_STEP][PASSED] - takeScreenshotAsCheckpoint("login berhasil", STOP_ON_FAILURE): Taking screenshot successfully

18-06-2024T15:04:35 - [MESSAGE][INFO] - 0 hidden object(s)

18-06-2024T15:04:36 - [MESSAGE][PASSED] - Taking screenshot successfully
[[ATTACHMENT|keyes\keyes-login berhasil.png]]]]></system-out>
         <system-err><![CDATA[]]></system-err>
      </testcase>
      <testcase name="Test Cases/Master/Position" time="9.626" classname="Test Cases/Master/Position" status="PASSED">
         <system-out><![CDATA[18-06-2024T15:04:36 - [TEST_CASE][PASSED] - Test Cases/Master/Position: Test Cases/Master/Position

18-06-2024T15:04:36 - [TEST_STEP][PASSED] - click(findTestObject("Menu/Master")): Object: 'Object Repository/Menu/Master' is clicked on

18-06-2024T15:04:36 - [MESSAGE][PASSED] - Object: 'Object Repository/Menu/Master' is clicked on

18-06-2024T15:04:36 - [TEST_STEP][PASSED] - click(findTestObject("Master Position/Position")): Object: 'Object Repository/Master Position/Position' is clicked on

18-06-2024T15:04:37 - [MESSAGE][PASSED] - Object: 'Object Repository/Master Position/Position' is clicked on

18-06-2024T15:04:37 - [TEST_STEP][PASSED] - takeScreenshotAsCheckpoint("Menampilkan halaman position"): Taking screenshot successfully

18-06-2024T15:04:42 - [MESSAGE][INFO] - 0 hidden object(s)

18-06-2024T15:04:42 - [MESSAGE][PASSED] - Taking screenshot successfully
[[ATTACHMENT|keyes\keyes-Menampilkan halaman position.png]]

18-06-2024T15:04:42 - [TEST_STEP][PASSED] - setText(findTestObject("Master Position/search"), "Field collector"): Text 'Field collector' is set on object 'Object Repository/Master Position/search'

18-06-2024T15:04:43 - [MESSAGE][PASSED] - Text 'Field collector' is set on object 'Object Repository/Master Position/search'

18-06-2024T15:04:43 - [TEST_STEP][PASSED] - click(findTestObject("Master Position/btn search")): Object: 'Object Repository/Master Position/btn search' is clicked on

18-06-2024T15:04:43 - [MESSAGE][PASSED] - Object: 'Object Repository/Master Position/btn search' is clicked on

18-06-2024T15:04:43 - [TEST_STEP][PASSED] - takeScreenshotAsCheckpoint("Menampilkan pencarian"): Taking screenshot successfully

18-06-2024T15:04:45 - [MESSAGE][INFO] - 0 hidden object(s)

18-06-2024T15:04:45 - [MESSAGE][PASSED] - Taking screenshot successfully
[[ATTACHMENT|keyes\keyes-Menampilkan pencarian.png]]]]></system-out>
         <system-err><![CDATA[]]></system-err>
      </testcase>
      <system-out><![CDATA[18-06-2024T15:04:06 - [TEST_SUITE][PASSED] - Test: Test Cases/Master/Position]]></system-out>
      <system-err><![CDATA[]]></system-err>
   </testsuite>
</testsuites>
