<?xml version="1.0" encoding="UTF-8"?>
<testsuites name="Report" time="22.92" tests="2" failures="0" errors="0">
   <testsuite name="Report" tests="2" failures="0" errors="0" time="22.92" skipped="0" timestamp="12-06-2024T10:12:47" hostname="0725 - DESKTOP-09GUU8E" id="Test Suites/Report">
      <properties>
         <property name="deviceName" value=""/>
         <property name="devicePlatform"/>
         <property name="logFolder" value="C:\\Users\\0725\\Katalon Studio\\Testdevqa\\Reports\\20240612_101238\\Report\\20240612_101239"/>
         <property name="logFiles" value="C:\\Users\\0725\\Katalon Studio\\Testdevqa\\Reports\\20240612_101238\\Report\\20240612_101239\\execution0.log"/>
         <property name="attachments" value="keyes\keyes-login berhasil.png, keyes\keyes-Menampilkan hal Action summary.png"/>
         <property name="hostName" value="0725 - DESKTOP-09GUU8E"/>
         <property name="os" value="Windows 10 64bit"/>
         <property name="katalonVersion" value="9.5.0.217"/>
         <property name="browser" value="Chrome 125.0.0.0"/>
         <property name="hostAddress" value="192.168.131.205"/>
         <property name="sessionId" value="c3435b2dc56608e4a6a0dad19749142a"/>
         <property name="seleniumVersion" value="3.141.59"/>
         <property name="proxyInformation" value="ProxyInformation { proxyOption=NO_PROXY, proxyServerType=HTTP, username=, password=********, proxyServerAddress=, proxyServerPort=0, executionList=&quot;&quot;, isApplyToDesiredCapabilities=true }"/>
         <property name="platform" value="Windows 10"/>
      </properties>
      <testcase name="Test Cases/Login/Login" time="18.258" classname="Test Cases/Login/Login" status="PASSED">
         <system-out><![CDATA[12-06-2024T10:12:48 - [TEST_CASE][PASSED] - Test Cases/Login/Login: Test Cases/Login/Login

12-06-2024T10:12:48 - [TEST_STEP][PASSED] - openBrowser("https://gpstqa-new.dipostar.org/dipo/"): Browser is opened with url: 'https://gpstqa-new.dipostar.org/dipo/'

12-06-2024T10:12:48 - [MESSAGE][INFO] - Starting 'Chrome' driver

12-06-2024T10:12:48 - [MESSAGE][INFO] - Action delay is set to 0 milliseconds

12-06-2024T10:12:58 - [MESSAGE][PASSED] - Browser is opened with url: 'https://gpstqa-new.dipostar.org/dipo/'

12-06-2024T10:12:58 - [TEST_STEP][PASSED] - maximizeWindow(): Current window maximized

12-06-2024T10:12:58 - [MESSAGE][PASSED] - Current window maximized

12-06-2024T10:12:58 - [TEST_STEP][PASSED] - setText(findTestObject("Home page/input__username"), "aldo"): Text 'aldo' is set on object 'Object Repository/Home page/input__username'

12-06-2024T10:12:59 - [MESSAGE][PASSED] - Text 'aldo' is set on object 'Object Repository/Home page/input__username'

12-06-2024T10:12:59 - [TEST_STEP][PASSED] - setEncryptedText(findTestObject("Home page/input__password"), "TRrAuhBZTmGN3YbeoZ5Gng=="): Text ****** has been set on object 'Object Repository/Home page/input__password'

12-06-2024T10:13:00 - [MESSAGE][PASSED] - Text ****** has been set on object 'Object Repository/Home page/input__password'

12-06-2024T10:13:00 - [TEST_STEP][PASSED] - click(findTestObject("Home page/btn_Login")): Object: 'Object Repository/Home page/btn_Login' is clicked on

12-06-2024T10:13:00 - [MESSAGE][PASSED] - Object: 'Object Repository/Home page/btn_Login' is clicked on

12-06-2024T10:13:00 - [TEST_STEP][PASSED] - takeScreenshotAsCheckpoint("login berhasil", STOP_ON_FAILURE): Taking screenshot successfully

12-06-2024T10:13:06 - [MESSAGE][INFO] - 0 hidden object(s)

12-06-2024T10:13:06 - [MESSAGE][PASSED] - Taking screenshot successfully
[[ATTACHMENT|keyes\keyes-login berhasil.png]]]]></system-out>
         <system-err><![CDATA[]]></system-err>
      </testcase>
      <testcase name="Test Cases/Hob/Action summary" time="4.426" classname="Test Cases/Hob/Action summary" status="PASSED">
         <system-out><![CDATA[12-06-2024T10:13:06 - [TEST_CASE][PASSED] - Test Cases/Hob/Action summary: Test Cases/Hob/Action summary

12-06-2024T10:13:06 - [TEST_STEP][PASSED] - click(findTestObject("HOB Action/Btn Hob action")): Object: 'Object Repository/HOB Action/Btn Hob action' is clicked on

12-06-2024T10:13:06 - [MESSAGE][PASSED] - Object: 'Object Repository/HOB Action/Btn Hob action' is clicked on

12-06-2024T10:13:06 - [TEST_STEP][PASSED] - click(findTestObject("HOB Action/Btn hob act summary")): Object: 'Object Repository/HOB Action/Btn hob act summary' is clicked on

12-06-2024T10:13:07 - [MESSAGE][PASSED] - Object: 'Object Repository/HOB Action/Btn hob act summary' is clicked on

12-06-2024T10:13:07 - [TEST_STEP][PASSED] - takeScreenshotAsCheckpoint("Menampilkan hal Action summary"): Taking screenshot successfully

12-06-2024T10:13:10 - [MESSAGE][INFO] - 0 hidden object(s)

12-06-2024T10:13:10 - [MESSAGE][PASSED] - Taking screenshot successfully
[[ATTACHMENT|keyes\keyes-Menampilkan hal Action summary.png]]]]></system-out>
         <system-err><![CDATA[]]></system-err>
      </testcase>
      <system-out><![CDATA[12-06-2024T10:12:47 - [TEST_SUITE][PASSED] - Report: Test Cases/Hob/Action summary]]></system-out>
      <system-err><![CDATA[]]></system-err>
   </testsuite>
</testsuites>
