<?xml version="1.0" encoding="UTF-8"?>
<testsuites name="reset pass" time="64.492" tests="2" failures="0" errors="0">
   <testsuite name="reset pass" tests="2" failures="0" errors="0" time="64.492" skipped="0" timestamp="18-06-2024T17:22:24" hostname="0725 - DESKTOP-09GUU8E" id="Test Suites/reset pass">
      <properties>
         <property name="deviceName" value=""/>
         <property name="devicePlatform"/>
         <property name="logFolder" value="C:\\Users\\0725\\git\\Tesqa\\Reports\\20240618_172216\\reset pass\\20240618_172216"/>
         <property name="logFiles" value="C:\\Users\\0725\\git\\Tesqa\\Reports\\20240618_172216\\reset pass\\20240618_172216\\execution0.log"/>
         <property name="attachments" value="keyes\keyes-login berhasil.png, keyes\keyes-menampilkan pencarian yang dicari.png, keyes\keyes-menampilkan user yang akan di reset pass.png, keyes\keyes-menampilkan box message.png"/>
         <property name="hostName" value="0725 - DESKTOP-09GUU8E"/>
         <property name="os" value="Windows 10 64bit"/>
         <property name="katalonVersion" value="9.5.0.217"/>
         <property name="browser" value="Chrome 125.0.0.0"/>
         <property name="hostAddress" value="192.168.10.33"/>
         <property name="sessionId" value="fbde95e50b71fe4cb3b6a957c97d0a7a"/>
         <property name="seleniumVersion" value="3.141.59"/>
         <property name="proxyInformation" value="ProxyInformation { proxyOption=NO_PROXY, proxyServerType=HTTP, username=, password=********, proxyServerAddress=, proxyServerPort=0, executionList=&quot;&quot;, isApplyToDesiredCapabilities=true }"/>
         <property name="platform" value="Windows 10"/>
      </properties>
      <testcase name="Test Cases/Login/Login" time="50.448" classname="Test Cases/Login/Login" status="PASSED">
         <system-out><![CDATA[18-06-2024T17:22:24 - [TEST_CASE][PASSED] - Test Cases/Login/Login: Test Cases/Login/Login

18-06-2024T17:22:24 - [TEST_STEP][PASSED] - openBrowser("https://gpstqa-new.dipostar.org/dipo/"): Browser is opened with url: 'https://gpstqa-new.dipostar.org/dipo/'

18-06-2024T17:22:25 - [MESSAGE][INFO] - Starting 'Chrome' driver

18-06-2024T17:22:25 - [MESSAGE][INFO] - Action delay is set to 0 milliseconds

18-06-2024T17:22:32 - [MESSAGE][PASSED] - Browser is opened with url: 'https://gpstqa-new.dipostar.org/dipo/'

18-06-2024T17:22:32 - [TEST_STEP][PASSED] - maximizeWindow(): Current window maximized

18-06-2024T17:22:33 - [MESSAGE][PASSED] - Current window maximized

18-06-2024T17:22:33 - [TEST_STEP][PASSED] - setText(findTestObject("Home page/input__username"), "aldo"): Text 'aldo' is set on object 'Object Repository/Home page/input__username'

18-06-2024T17:22:33 - [MESSAGE][PASSED] - Text 'aldo' is set on object 'Object Repository/Home page/input__username'

18-06-2024T17:22:33 - [TEST_STEP][PASSED] - setEncryptedText(findTestObject("Home page/input__password"), "TRrAuhBZTmGN3YbeoZ5Gng=="): Text ****** has been set on object 'Object Repository/Home page/input__password'

18-06-2024T17:22:34 - [MESSAGE][PASSED] - Text ****** has been set on object 'Object Repository/Home page/input__password'

18-06-2024T17:22:34 - [TEST_STEP][PASSED] - click(findTestObject("Home page/btn_Login")): Object: 'Object Repository/Home page/btn_Login' is clicked on

18-06-2024T17:22:34 - [MESSAGE][PASSED] - Object: 'Object Repository/Home page/btn_Login' is clicked on

18-06-2024T17:22:34 - [TEST_STEP][PASSED] - takeScreenshotAsCheckpoint("login berhasil", STOP_ON_FAILURE): Taking screenshot successfully

18-06-2024T17:23:14 - [MESSAGE][INFO] - 0 hidden object(s)

18-06-2024T17:23:15 - [MESSAGE][PASSED] - Taking screenshot successfully
[[ATTACHMENT|keyes\keyes-login berhasil.png]]]]></system-out>
         <system-err><![CDATA[]]></system-err>
      </testcase>
      <testcase name="Test Cases/User profile/Reset pass" time="13.845" classname="Test Cases/User profile/Reset pass" status="PASSED">
         <system-out><![CDATA[18-06-2024T17:23:15 - [TEST_CASE][PASSED] - Test Cases/User profile/Reset pass: Test Cases/User profile/Reset pass

18-06-2024T17:23:15 - [TEST_STEP][PASSED] - click(findTestObject("Reset password/reset password")): Object: 'Object Repository/Reset password/reset password' is clicked on

18-06-2024T17:23:15 - [MESSAGE][PASSED] - Object: 'Object Repository/Reset password/reset password' is clicked on

18-06-2024T17:23:15 - [TEST_STEP][PASSED] - setText(findTestObject("Reset password/search"), "kevin qa"): Text 'kevin qa' is set on object 'Object Repository/Reset password/search'

18-06-2024T17:23:18 - [MESSAGE][PASSED] - Text 'kevin qa' is set on object 'Object Repository/Reset password/search'

18-06-2024T17:23:18 - [TEST_STEP][PASSED] - click(findTestObject("Reset password/btn search")): Object: 'Object Repository/Reset password/btn search' is clicked on

18-06-2024T17:23:18 - [MESSAGE][PASSED] - Object: 'Object Repository/Reset password/btn search' is clicked on

18-06-2024T17:23:18 - [TEST_STEP][PASSED] - takeScreenshotAsCheckpoint("menampilkan pencarian yang dicari"): Taking screenshot successfully

18-06-2024T17:23:21 - [MESSAGE][INFO] - 0 hidden object(s)

18-06-2024T17:23:21 - [MESSAGE][PASSED] - Taking screenshot successfully
[[ATTACHMENT|keyes\keyes-menampilkan pencarian yang dicari.png]]

18-06-2024T17:23:21 - [TEST_STEP][PASSED] - click(findTestObject("Reset password/btn image ress")): Object: 'Object Repository/Reset password/btn image ress' is clicked on

18-06-2024T17:23:22 - [MESSAGE][PASSED] - Object: 'Object Repository/Reset password/btn image ress' is clicked on

18-06-2024T17:23:22 - [TEST_STEP][PASSED] - takeScreenshotAsCheckpoint("menampilkan user yang akan di reset pass"): Taking screenshot successfully

18-06-2024T17:23:26 - [MESSAGE][INFO] - 0 hidden object(s)

18-06-2024T17:23:26 - [MESSAGE][PASSED] - Taking screenshot successfully
[[ATTACHMENT|keyes\keyes-menampilkan user yang akan di reset pass.png]]

18-06-2024T17:23:26 - [TEST_STEP][PASSED] - click(findTestObject("Reset password/btn reset pass")): Object: 'Object Repository/Reset password/btn reset pass' is clicked on

18-06-2024T17:23:27 - [MESSAGE][PASSED] - Object: 'Object Repository/Reset password/btn reset pass' is clicked on

18-06-2024T17:23:27 - [TEST_STEP][PASSED] - takeScreenshotAsCheckpoint("menampilkan box message"): Taking screenshot successfully

18-06-2024T17:23:28 - [MESSAGE][INFO] - 0 hidden object(s)

18-06-2024T17:23:28 - [MESSAGE][PASSED] - Taking screenshot successfully
[[ATTACHMENT|keyes\keyes-menampilkan box message.png]]]]></system-out>
         <system-err><![CDATA[]]></system-err>
      </testcase>
      <system-out><![CDATA[18-06-2024T17:22:24 - [TEST_SUITE][PASSED] - reset pass: Test Cases/User profile/Reset pass]]></system-out>
      <system-err><![CDATA[]]></system-err>
   </testsuite>
</testsuites>
