<?xml version="1.0" encoding="UTF-8"?>
<testsuites name="Test engine" time="2.193" tests="0" failures="0" errors="0">
   <testsuite name="Test engine" tests="0" failures="0" errors="0" time="2.193" skipped="0" timestamp="21-06-2024T13:44:25" hostname="0725 - DESKTOP-09GUU8E" id="Test Suites/Test engine">
      <properties>
         <property name="deviceName" value=""/>
         <property name="devicePlatform"/>
         <property name="logFolder" value="C:\\Users\\0725\\Katalon Studio\\Testdevqa\\Reports\\20240621_134403\\Test engine\\20240621_134417"/>
         <property name="logFiles" value="C:\\Users\\0725\\Katalon Studio\\Testdevqa\\Reports\\20240621_134403\\Test engine\\20240621_134417\\execution0.log"/>
         <property name="attachments" value=""/>
         <property name="hostName" value="0725 - DESKTOP-09GUU8E"/>
         <property name="hostAddress" value="192.168.10.93"/>
         <property name="os" value="Windows 10 64bit"/>
         <property name="katalonVersion" value="9.6.0.217"/>
      </properties>
      <system-out><![CDATA[21-06-2024T13:44:25 - [TEST_SUITE][PASSED] - Test engine: null]]></system-out>
      <system-err><![CDATA[]]></system-err>
   </testsuite>
</testsuites>
