<?xml version="1.0" encoding="UTF-8"?>
<testsuites name="Report" time="20.309" tests="2" failures="0" errors="0">
   <testsuite name="Report" tests="2" failures="0" errors="0" time="20.309" skipped="0" timestamp="12-06-2024T09:59:23" hostname="0725 - DESKTOP-09GUU8E" id="Test Suites/Report">
      <properties>
         <property name="deviceName" value=""/>
         <property name="devicePlatform"/>
         <property name="logFolder" value="C:\\Users\\0725\\Katalon Studio\\Testdevqa\\Reports\\20240612_095912\\Report\\20240612_095912"/>
         <property name="logFiles" value="C:\\Users\\0725\\Katalon Studio\\Testdevqa\\Reports\\20240612_095912\\Report\\20240612_095912\\execution0.log"/>
         <property name="attachments" value="keyes\keyes-login berhasil.png"/>
         <property name="hostName" value="0725 - DESKTOP-09GUU8E"/>
         <property name="os" value="Windows 10 64bit"/>
         <property name="katalonVersion" value="9.5.0.217"/>
         <property name="browser" value="Chrome 125.0.0.0"/>
         <property name="hostAddress" value="192.168.10.28"/>
         <property name="sessionId" value="0e355200e35f2db6304cc84cf6b4bc47"/>
         <property name="seleniumVersion" value="3.141.59"/>
         <property name="proxyInformation" value="ProxyInformation { proxyOption=NO_PROXY, proxyServerType=HTTP, username=, password=********, proxyServerAddress=, proxyServerPort=0, executionList=&quot;&quot;, isApplyToDesiredCapabilities=true }"/>
         <property name="platform" value="Windows 10"/>
      </properties>
      <testcase name="Test Cases/Login/Login" time="18.91" classname="Test Cases/Login/Login" status="PASSED">
         <system-out><![CDATA[12-06-2024T09:59:23 - [TEST_CASE][PASSED] - Test Cases/Login/Login: Test Cases/Login/Login

12-06-2024T09:59:24 - [TEST_STEP][PASSED] - openBrowser("https://gpstqa-new.dipostar.org/dipo/"): Browser is opened with url: 'https://gpstqa-new.dipostar.org/dipo/'

12-06-2024T09:59:24 - [MESSAGE][INFO] - Starting 'Chrome' driver

12-06-2024T09:59:25 - [MESSAGE][INFO] - Action delay is set to 0 milliseconds

12-06-2024T09:59:33 - [MESSAGE][PASSED] - Browser is opened with url: 'https://gpstqa-new.dipostar.org/dipo/'

12-06-2024T09:59:33 - [TEST_STEP][PASSED] - maximizeWindow(): Current window maximized

12-06-2024T09:59:33 - [MESSAGE][PASSED] - Current window maximized

12-06-2024T09:59:33 - [TEST_STEP][PASSED] - setText(findTestObject("Home page/input__username"), "aldo"): Text 'aldo' is set on object 'Object Repository/Home page/input__username'

12-06-2024T09:59:34 - [MESSAGE][PASSED] - Text 'aldo' is set on object 'Object Repository/Home page/input__username'

12-06-2024T09:59:34 - [TEST_STEP][PASSED] - setEncryptedText(findTestObject("Home page/input__password"), "TRrAuhBZTmGN3YbeoZ5Gng=="): Text ****** has been set on object 'Object Repository/Home page/input__password'

12-06-2024T09:59:35 - [MESSAGE][PASSED] - Text ****** has been set on object 'Object Repository/Home page/input__password'

12-06-2024T09:59:35 - [TEST_STEP][PASSED] - click(findTestObject("Home page/btn_Login")): Object: 'Object Repository/Home page/btn_Login' is clicked on

12-06-2024T09:59:35 - [MESSAGE][PASSED] - Object: 'Object Repository/Home page/btn_Login' is clicked on

12-06-2024T09:59:35 - [TEST_STEP][PASSED] - takeScreenshotAsCheckpoint("login berhasil", STOP_ON_FAILURE): Taking screenshot successfully

12-06-2024T09:59:42 - [MESSAGE][INFO] - 0 hidden object(s)

12-06-2024T09:59:42 - [MESSAGE][PASSED] - Taking screenshot successfully
[[ATTACHMENT|keyes\keyes-login berhasil.png]]]]></system-out>
         <system-err><![CDATA[]]></system-err>
      </testcase>
      <testcase name="Test Cases/Report/Unvisited list report" time="1.031" classname="Test Cases/Report/Unvisited list report" status="PASSED">
         <system-out><![CDATA[12-06-2024T09:59:42 - [TEST_CASE][PASSED] - Test Cases/Report/Unvisited list report: Test Cases/Report/Unvisited list report

12-06-2024T09:59:42 - [TEST_STEP][PASSED] - click(findTestObject("Report/btn Report")): Object: 'Object Repository/Report/btn Report' is clicked on

12-06-2024T09:59:43 - [MESSAGE][PASSED] - Object: 'Object Repository/Report/btn Report' is clicked on

12-06-2024T09:59:43 - [TEST_STEP][PASSED] - click(findTestObject("Report/btn Unvisit list report")): Object: 'Object Repository/Report/btn Unvisit list report' is clicked on

12-06-2024T09:59:43 - [MESSAGE][PASSED] - Object: 'Object Repository/Report/btn Unvisit list report' is clicked on]]></system-out>
         <system-err><![CDATA[]]></system-err>
      </testcase>
      <system-out><![CDATA[12-06-2024T09:59:23 - [TEST_SUITE][PASSED] - Report: Test Cases/Report/Unvisited list report]]></system-out>
      <system-err><![CDATA[]]></system-err>
   </testsuite>
</testsuites>
